Using pre-set license
Built from '2020.3/staging' branch; Version is '2020.3.0f1 (c7b5465681fb) revision 13088070'; Using compiler version '192528614'; Build Type 'Release'
OS: 'Windows 10 Home N; OS build 19042.928; Version 2009; 64bit' Language: 'en' Physical Memory: 32681 MB
BatchMode: 1, IsHumanControllingUs: 0, StartBugReporterOnCrash: 0, Is64bit: 1, IsPro: 0

 COMMAND LINE ARGUMENTS:
C:\Program Files\Unity\Hub\Editor\2020.3.0f1\Editor\Unity.exe
-adb2
-batchMode
-noUpm
-name
AssetImportWorker0
-projectPath
D:/school/uni coursework/complete/Remote Play Game
-logFile
Logs/AssetImportWorker0.log
-srvPort
58001
Successfully changed project path to: D:/school/uni coursework/complete/Remote Play Game
D:/school/uni coursework/complete/Remote Play Game
Using Asset Import Pipeline V2.
Refreshing native plugins compatible for Editor in 38.03 ms, found 1 plugins.
Preloading 0 native plugins for Editor in 0.00 ms.
Initialize engine version: 2020.3.0f1 (c7b5465681fb)
[Subsystems] Discovering subsystems at path C:/Program Files/Unity/Hub/Editor/2020.3.0f1/Editor/Data/Resources/UnitySubsystems
[Subsystems] Discovering subsystems at path D:/school/uni coursework/complete/Remote Play Game/Assets
GfxDevice: creating device client; threaded=0
Direct3D:
    Version:  Direct3D 11.0 [level 11.1]
    Renderer: NVIDIA GeForce RTX 2070 SUPER (ID=0x1e84)
    Vendor:   
    VRAM:     8011 MB
    Driver:   27.21.14.5671
Initialize mono
Mono path[0] = 'C:/Program Files/Unity/Hub/Editor/2020.3.0f1/Editor/Data/Managed'
Mono path[1] = 'C:/Program Files/Unity/Hub/Editor/2020.3.0f1/Editor/Data/MonoBleedingEdge/lib/mono/unityjit'
Mono config path = 'C:/Program Files/Unity/Hub/Editor/2020.3.0f1/Editor/Data/MonoBleedingEdge/etc'
Using monoOptions --debugger-agent=transport=dt_socket,embedding=1,server=y,suspend=n,address=127.0.0.1:56736
Begin MonoManager ReloadAssembly
Registering precompiled unity dll's ...
Register platform support module: C:/Program Files/Unity/Hub/Editor/2020.3.0f1/Editor/Data/PlaybackEngines/WindowsStandaloneSupport/UnityEditor.WindowsStandalone.Extensions.dll
Registered in 0.001820 seconds.
Native extension for WindowsStandalone target not found
Refreshing native plugins compatible for Editor in 35.59 ms, found 1 plugins.
Preloading 0 native plugins for Editor in 0.00 ms.
Invoked RoslynAnalysisRunner static constructor.
RoslynAnalysisRunner will not be running.
RoslynAnalysisRunner has terminated.
Mono: successfully reloaded assembly
- Completed reload, in  2.010 seconds
Platform modules already initialized, skipping
Registering precompiled user dll's ...
Registered in 0.007423 seconds.
Begin MonoManager ReloadAssembly
Symbol file LoadedFromMemory is not a mono symbol file
Native extension for WindowsStandalone target not found
Refreshing native plugins compatible for Editor in 35.64 ms, found 1 plugins.
Preloading 0 native plugins for Editor in 0.00 ms.
Invoked RoslynAnalysisRunner static constructor.
RoslynAnalysisRunner will not be running.
RoslynAnalysisRunner has terminated.
Mono: successfully reloaded assembly
- Completed reload, in  0.971 seconds
Platform modules already initialized, skipping
========================================================================
Worker process is ready to serve import requests
Launched and connected shader compiler UnityShaderCompiler.exe after 0.03 seconds
Refreshing native plugins compatible for Editor in 0.50 ms, found 1 plugins.
Preloading 0 native plugins for Editor in 0.00 ms.
Unloading 1877 Unused Serialized files (Serialized files now loaded: 0)
System memory in use before: 87.9 MB.
System memory in use after: 88.0 MB.

Unloading 37 unused Assets to reduce memory usage. Loaded Objects now: 2348.
Total: 2.099800 ms (FindLiveObjects: 0.280600 ms CreateObjectMapping: 0.051000 ms MarkObjects: 1.693400 ms  DeleteObjects: 0.073900 ms)

========================================================================
Received Import Request.
  path: Assets/question game assets/scripts/QuetionGameRuntime.cs
  artifactKey: Guid(12d6ff90fbf461a41a5bb24cb06e899f) Importer(815301076,1909f56bfc062723c751e8b465ee728b)
Start importing Assets/question game assets/scripts/QuetionGameRuntime.cs using Guid(12d6ff90fbf461a41a5bb24cb06e899f) Importer(815301076,1909f56bfc062723c751e8b465ee728b)  -> (artifact id: 'd3b78b449c67830ab84b23be1571f96a') in 0.091347 seconds
  Import took 0.152964 seconds .

========================================================================
Received Import Request.
  Time since last request: 57.803101 seconds.
  path: Assets/question game assets/scripts/PlayerNameTag.cs
  artifactKey: Guid(c8dfc9ad20fa0054090c461675ce8d86) Importer(815301076,1909f56bfc062723c751e8b465ee728b)
Start importing Assets/question game assets/scripts/PlayerNameTag.cs using Guid(c8dfc9ad20fa0054090c461675ce8d86) Importer(815301076,1909f56bfc062723c751e8b465ee728b)  -> (artifact id: '7b423a566214888645bdee6e6e0108f8') in 0.022895 seconds
  Import took 0.065836 seconds .

========================================================================
Received Import Request.
  Time since last request: 4.141989 seconds.
  path: Assets/question game assets/scripts/NetworkCallBacks.cs
  artifactKey: Guid(e25088b341f7f1444833c6c197e1d915) Importer(815301076,1909f56bfc062723c751e8b465ee728b)
Start importing Assets/question game assets/scripts/NetworkCallBacks.cs using Guid(e25088b341f7f1444833c6c197e1d915) Importer(815301076,1909f56bfc062723c751e8b465ee728b)  -> (artifact id: '3cacd513ca61bbbaad7e2f5fed9a0af7') in 0.032950 seconds
  Import took 0.035951 seconds .

AssetImportWorkerClient::OnTransportError - code=2 error=End of file
