Using pre-set license
Built from '2020.3/staging' branch; Version is '2020.3.14f1 (d0d1bb862f9d) revision 13685179'; Using compiler version '192528614'; Build Type 'Release'
OS: 'Windows 10 Home N; OS build 19042.1288; Version 2009; 64bit' Language: 'en' Physical Memory: 32681 MB
BatchMode: 1, IsHumanControllingUs: 0, StartBugReporterOnCrash: 0, Is64bit: 1, IsPro: 0

 COMMAND LINE ARGUMENTS:
C:\Program Files\Unity\Hub\Editor\2020.3.14f1\Editor\Unity.exe
-adb2
-batchMode
-noUpm
-name
AssetImportWorker0
-projectPath
D:/school/computer games design/horror maze
-logFile
Logs/AssetImportWorker0.log
-srvPort
56648
Successfully changed project path to: D:/school/computer games design/horror maze
D:/school/computer games design/horror maze
Using Asset Import Pipeline V2.
Refreshing native plugins compatible for Editor in 26.20 ms, found 2 plugins.
Preloading 0 native plugins for Editor in 0.00 ms.
Initialize engine version: 2020.3.14f1 (d0d1bb862f9d)
[Subsystems] Discovering subsystems at path C:/Program Files/Unity/Hub/Editor/2020.3.14f1/Editor/Data/Resources/UnitySubsystems
[Subsystems] Discovering subsystems at path D:/school/computer games design/horror maze/Assets
GfxDevice: creating device client; threaded=0
Direct3D:
    Version:  Direct3D 11.0 [level 11.1]
    Renderer: NVIDIA GeForce RTX 2070 SUPER (ID=0x1e84)
    Vendor:   
    VRAM:     8011 MB
    Driver:   27.21.14.5671
Initialize mono
Mono path[0] = 'C:/Program Files/Unity/Hub/Editor/2020.3.14f1/Editor/Data/Managed'
Mono path[1] = 'C:/Program Files/Unity/Hub/Editor/2020.3.14f1/Editor/Data/MonoBleedingEdge/lib/mono/unityjit'
Mono config path = 'C:/Program Files/Unity/Hub/Editor/2020.3.14f1/Editor/Data/MonoBleedingEdge/etc'
Using monoOptions --debugger-agent=transport=dt_socket,embedding=1,server=y,suspend=n,address=127.0.0.1:56292
Begin MonoManager ReloadAssembly
Registering precompiled unity dll's ...
Register platform support module: C:/Program Files/Unity/Hub/Editor/2020.3.14f1/Editor/Data/PlaybackEngines/WindowsStandaloneSupport/UnityEditor.WindowsStandalone.Extensions.dll
Registered in 0.001938 seconds.
Native extension for WindowsStandalone target not found
Refreshing native plugins compatible for Editor in 25.98 ms, found 2 plugins.
Preloading 0 native plugins for Editor in 0.00 ms.
Mono: successfully reloaded assembly
- Completed reload, in  1.157 seconds
Domain Reload Profiling:
	ReloadAssembly (1157ms)
		BeginReloadAssembly (49ms)
			ExecutionOrderSort (0ms)
			DisableScriptedObjects (0ms)
			BackupInstance (0ms)
			ReleaseScriptingObjects (0ms)
			CreateAndSetChildDomain (1ms)
		EndReloadAssembly (381ms)
			LoadAssemblies (47ms)
			RebuildTransferFunctionScriptingTraits (0ms)
			SetupTypeCache (136ms)
			ReleaseScriptCaches (0ms)
			RebuildScriptCaches (35ms)
			SetupLoadedEditorAssemblies (145ms)
				LogAssemblyErrors (0ms)
				InitializePlatformSupportModulesInManaged (4ms)
				SetLoadedEditorAssemblies (0ms)
				RefreshPlugins (26ms)
				BeforeProcessingInitializeOnLoad (14ms)
				ProcessInitializeOnLoadAttributes (76ms)
				ProcessInitializeOnLoadMethodAttributes (25ms)
				AfterProcessingInitializeOnLoad (0ms)
				EditorAssembliesLoaded (0ms)
			ExecutionOrderSort2 (0ms)
			AwakeInstancesAfterBackupRestoration (0ms)
Platform modules already initialized, skipping
Registering precompiled user dll's ...
Registered in 0.004127 seconds.
Begin MonoManager ReloadAssembly
Native extension for WindowsStandalone target not found
Refreshing native plugins compatible for Editor in 0.35 ms, found 2 plugins.
Preloading 0 native plugins for Editor in 0.00 ms.
Mono: successfully reloaded assembly
- Completed reload, in  0.959 seconds
Domain Reload Profiling:
	ReloadAssembly (960ms)
		BeginReloadAssembly (135ms)
			ExecutionOrderSort (0ms)
			DisableScriptedObjects (5ms)
			BackupInstance (0ms)
			ReleaseScriptingObjects (0ms)
			CreateAndSetChildDomain (19ms)
		EndReloadAssembly (764ms)
			LoadAssemblies (74ms)
			RebuildTransferFunctionScriptingTraits (0ms)
			SetupTypeCache (251ms)
			ReleaseScriptCaches (0ms)
			RebuildScriptCaches (56ms)
			SetupLoadedEditorAssemblies (293ms)
				LogAssemblyErrors (0ms)
				InitializePlatformSupportModulesInManaged (5ms)
				SetLoadedEditorAssemblies (0ms)
				RefreshPlugins (0ms)
				BeforeProcessingInitializeOnLoad (84ms)
				ProcessInitializeOnLoadAttributes (193ms)
				ProcessInitializeOnLoadMethodAttributes (4ms)
				AfterProcessingInitializeOnLoad (6ms)
				EditorAssembliesLoaded (0ms)
			ExecutionOrderSort2 (0ms)
			AwakeInstancesAfterBackupRestoration (6ms)
Platform modules already initialized, skipping
========================================================================
Worker process is ready to serve import requests
Launched and connected shader compiler UnityShaderCompiler.exe after 0.04 seconds
Refreshing native plugins compatible for Editor in 0.36 ms, found 2 plugins.
Preloading 0 native plugins for Editor in 0.00 ms.
Unloading 1398 Unused Serialized files (Serialized files now loaded: 0)
System memory in use before: 70.3 MB.
System memory in use after: 70.4 MB.

Unloading 18 unused Assets to reduce memory usage. Loaded Objects now: 1841.
Total: 1.867000 ms (FindLiveObjects: 0.144700 ms CreateObjectMapping: 0.032900 ms MarkObjects: 1.631500 ms  DeleteObjects: 0.056800 ms)

AssetImportParameters requested are different than current active one (requested -> active):
  custom:framework-win-MediaFoundation: 216162199b28c13a410421893ffa2e32 -> 
  custom:video-decoder-ogg-theora: a1e56fd34408186e4bbccfd4996cb3dc -> 
  custom:container-muxer-webm: aa71ff27fc2769a1b78a27578f13a17b -> 
  custom:container-demuxer-webm: 4f35f7cbe854078d1ac9338744f61a02 -> 
  custom:container-demuxer-ogg: 62fdf1f143b41e24485cea50d1cbac27 -> 
  custom:video-encoder-webm-vp8: eb34c28f22e8b96e1ab97ce403110664 -> 
  custom:video-decoder-webm-vp8: 9c59270c3fd7afecdb556c50c9e8de78 -> 
  custom:audio-decoder-ogg-vorbis: bf7c407c2cedff20999df2af8eb42d56 -> 
  custom:audio-encoder-webm-vorbis: bf7c407c2cedff20999df2af8eb42d56 -> 
========================================================================
Received Import Request.
  path: ProjectSettings/TagManager.asset
  artifactKey: Guid(00000000000000003000000000000000) Importer(815301076,1909f56bfc062723c751e8b465ee728b)
Start importing ProjectSettings/TagManager.asset using Guid(00000000000000003000000000000000) Importer(815301076,1909f56bfc062723c751e8b465ee728b)  -> (artifact id: '05c0ace6eee42d4a84d28dd8a923cc4f') in 0.030773 seconds 
  Import took 0.046938 seconds .

========================================================================
Received Import Request.
  Time since last request: 146.597923 seconds.
  path: Assets/prefab
  artifactKey: Guid(3b8f0cb63956e8744abab1536d61ae16) Importer(815301076,1909f56bfc062723c751e8b465ee728b)
Start importing Assets/prefab using Guid(3b8f0cb63956e8744abab1536d61ae16) Importer(815301076,1909f56bfc062723c751e8b465ee728b)  -> (artifact id: 'a045caa405b5cc14846c5e43a6d59c84') in 0.008628 seconds 
  Import took 0.011298 seconds .

========================================================================
Received Import Request.
  Time since last request: 0.827158 seconds.
  path: Assets/models
  artifactKey: Guid(6bb2c568f926e3a49aa2bead7df3bbb8) Importer(815301076,1909f56bfc062723c751e8b465ee728b)
Start importing Assets/models using Guid(6bb2c568f926e3a49aa2bead7df3bbb8) Importer(815301076,1909f56bfc062723c751e8b465ee728b)  -> (artifact id: '175190e4dc8e1d2b3c03e1a814f966be') in 0.007058 seconds 
  Import took 0.009412 seconds .

========================================================================
Received Import Request.
  Time since last request: 0.056420 seconds.
  path: Assets/models/compass.fbx
  artifactKey: Guid(aa6a330560ee1044ab1dd10da6d368d1) Importer(815301076,1909f56bfc062723c751e8b465ee728b)
Start importing Assets/models/compass.fbx using Guid(aa6a330560ee1044ab1dd10da6d368d1) Importer(815301076,1909f56bfc062723c751e8b465ee728b)  -> (artifact id: '75a7eed55910a62e57574b03de49c14f') in 0.416865 seconds 
  Import took 0.419629 seconds .

========================================================================
Received Import Request.
  Time since last request: 0.000217 seconds.
  path: Assets/models/wall.fbx
  artifactKey: Guid(9c24dc5ed2bda9f46b1bc6a3351cef33) Importer(815301076,1909f56bfc062723c751e8b465ee728b)
Start importing Assets/models/wall.fbx using Guid(9c24dc5ed2bda9f46b1bc6a3351cef33) Importer(815301076,1909f56bfc062723c751e8b465ee728b)  -> (artifact id: '024edd622a98ff01a232ae69f282b341') in 0.035132 seconds 
  Import took 0.037605 seconds .

========================================================================
Received Import Request.
  Time since last request: 0.000218 seconds.
  path: Assets/models/wall with door hole.fbx
  artifactKey: Guid(9923a94caad14db4492dd24fc20d5d3e) Importer(815301076,1909f56bfc062723c751e8b465ee728b)
Start importing Assets/models/wall with door hole.fbx using Guid(9923a94caad14db4492dd24fc20d5d3e) Importer(815301076,1909f56bfc062723c751e8b465ee728b)  -> (artifact id: 'ad3262425a77e4eca534e0d51ebdd593') in 0.023417 seconds 
  Import took 0.042781 seconds .

========================================================================
Received Import Request.
  Time since last request: 0.000244 seconds.
  path: Assets/models/wall texture.jpg
  artifactKey: Guid(00fcfd5c30bc6a241a77255563be4033) Importer(815301076,1909f56bfc062723c751e8b465ee728b)
Start importing Assets/models/wall texture.jpg using Guid(00fcfd5c30bc6a241a77255563be4033) Importer(815301076,1909f56bfc062723c751e8b465ee728b)  -> (artifact id: 'e88f805cea3b878daf10deb29ed3a3e2') in 0.195527 seconds 
  Import took 0.210687 seconds .

========================================================================
Received Import Request.
  Time since last request: 0.000191 seconds.
  path: Assets/models/tutorial floor texture.PNG
  artifactKey: Guid(261dda56b3572724f90e20c436978cf4) Importer(815301076,1909f56bfc062723c751e8b465ee728b)
Start importing Assets/models/tutorial floor texture.PNG using Guid(261dda56b3572724f90e20c436978cf4) Importer(815301076,1909f56bfc062723c751e8b465ee728b)  -> (artifact id: 'cf8a6951bd462ba27adad048ea1f1955') in 0.016907 seconds 
  Import took 0.020377 seconds .

========================================================================
Received Import Request.
  Time since last request: 157.189470 seconds.
  path: Assets/First person controller
  artifactKey: Guid(ecfdbb8b65532aa4d9195ed72cbf8aff) Importer(815301076,1909f56bfc062723c751e8b465ee728b)
Start importing Assets/First person controller using Guid(ecfdbb8b65532aa4d9195ed72cbf8aff) Importer(815301076,1909f56bfc062723c751e8b465ee728b)  -> (artifact id: '7fec1c44b7f44ad12ea7756353349ed1') in 0.007021 seconds 
  Import took 0.009651 seconds .

========================================================================
Received Import Request.
  Time since last request: 0.000289 seconds.
  path: Assets/First person controller
  artifactKey: Guid(ecfdbb8b65532aa4d9195ed72cbf8aff) Importer(815301076,1909f56bfc062723c751e8b465ee728b)
Start importing Assets/First person controller using Guid(ecfdbb8b65532aa4d9195ed72cbf8aff) Importer(815301076,1909f56bfc062723c751e8b465ee728b)  -> (artifact id: '7fec1c44b7f44ad12ea7756353349ed1') in 0.003432 seconds 
  Import took 0.027118 seconds .

========================================================================
Received Import Request.
  Time since last request: 0.032350 seconds.
  path: Assets/First person controller/First person controller bare.prefab
  artifactKey: Guid(83528d106eccd4345940ac1ff56ffda7) Importer(815301076,1909f56bfc062723c751e8b465ee728b)
Start importing Assets/First person controller/First person controller bare.prefab using Guid(83528d106eccd4345940ac1ff56ffda7) Importer(815301076,1909f56bfc062723c751e8b465ee728b)  -> (artifact id: '28c2392d1c600adf3754294cf400f918') in 0.078630 seconds 
  Import took 0.082247 seconds .

========================================================================
Received Import Request.
  Time since last request: 0.000209 seconds.
  path: Assets/First person controller/First person controller full.prefab
  artifactKey: Guid(11aaea5348574644a9eb4f4504fcce3f) Importer(815301076,1909f56bfc062723c751e8b465ee728b)
Start importing Assets/First person controller/First person controller full.prefab using Guid(11aaea5348574644a9eb4f4504fcce3f) Importer(815301076,1909f56bfc062723c751e8b465ee728b)  -> (artifact id: 'f02bd1a1aec99850a72fddbf0c902b1a') in 0.016955 seconds 
  Import took 0.020228 seconds .

========================================================================
Received Import Request.
  Time since last request: 0.810082 seconds.
  path: Assets/First person controller/FirstPersonLook.cs
  artifactKey: Guid(ec72980442fddac4d86e75ab24b4d027) Importer(815301076,1909f56bfc062723c751e8b465ee728b)
Start importing Assets/First person controller/FirstPersonLook.cs using Guid(ec72980442fddac4d86e75ab24b4d027) Importer(815301076,1909f56bfc062723c751e8b465ee728b)  -> (artifact id: 'e77f996610c934c425f2cbf06522ccb7') in 0.029073 seconds 
  Import took 0.031474 seconds .

========================================================================
Received Import Request.
  Time since last request: 0.939936 seconds.
  path: Assets/First person controller/FirstPersonMovement.cs
  artifactKey: Guid(97fca36bd81de7c4cafce7bbf02ca611) Importer(815301076,1909f56bfc062723c751e8b465ee728b)
Start importing Assets/First person controller/FirstPersonMovement.cs using Guid(97fca36bd81de7c4cafce7bbf02ca611) Importer(815301076,1909f56bfc062723c751e8b465ee728b)  -> (artifact id: '9501ed4afa4abb29717796b58e40ed85') in 0.006526 seconds 
  Import took 0.009112 seconds .

AssetImportWorkerClient::OnTransportError - code=2 error=End of file
